0:100  0:100  MemLog inited, TSC freq: 2592363500
0:100  0:000  CPU was calibrated with RTC
0:100  0:000  
0:100  0:000  Now is 13.05.2020,  01:15:14 (GMT)
0:100  0:000  Starting Clover revision: 5109 (master, commit 5a8588318) on American Megatrends EFI
0:100  0:000  Build with: [Args: -D NO_GRUB_DRIVERS_EMBEDDED -t GCC53 | -D NO_GRUB_DRIVERS_EMBEDDED --conf=/Users/sergey/src/CloverHackyColor/Conf -D USE_LOW_EBDA -a X64 -b RELEASE -t GCC53 -n 5 | OS: 10.14.6]
0:100  0:000  SelfDevicePath=PciRoot(0x0)\Pci(0x17,0x0)\Sata(0x1,0xFFFF,0x0)\HD(1,GPT,61451293-E7DF-4673-B46C-B2B86657D869,0x28,0x64000) @5D19B798
0:100  0:000  SelfDirPath = \EFI\BOOT
0:100  0:000  Clover : Image base = 0x5B36E000
0:100  0:000  SimpleTextEx Status=Success
0:100  0:000  === [ Get Smbios ] ==============================
0:133  0:033  Type 16 Index = 0
0:133  0:000  Total Memory Slots Count = 4
0:133  0:000  Type 17 Index = 0
0:133  0:000  Ignoring insane frequency value 0MHz
0:133  0:000  SmbiosTable.Type17->Speed = 0MHz
0:133  0:000  SmbiosTable.Type17->Size = 0MB
0:133  0:000  SmbiosTable.Type17->Bank/Device = BANK 0 ChannelA-DIMM0
0:133  0:000  SmbiosTable.Type17->Vendor = 
0:133  0:000  SmbiosTable.Type17->SerialNumber = 
0:133  0:000  SmbiosTable.Type17->PartNumber = 
0:133  0:000  Type 17 Index = 1
0:133  0:000  SmbiosTable.Type17->Speed = 2133MHz
0:133  0:000  SmbiosTable.Type17->Size = 8192MB
0:133  0:000  SmbiosTable.Type17->Bank/Device = BANK 1 ChannelA-DIMM1
0:133  0:000  SmbiosTable.Type17->Vendor = Samsung
0:133  0:000  SmbiosTable.Type17->SerialNumber = 14377244
0:133  0:000  SmbiosTable.Type17->PartNumber = M471A1K43BB0-CPB    
0:133  0:000  Type 17 Index = 2
0:133  0:000  Ignoring insane frequency value 0MHz
0:133  0:000  SmbiosTable.Type17->Speed = 0MHz
0:133  0:000  SmbiosTable.Type17->Size = 0MB
0:133  0:000  SmbiosTable.Type17->Bank/Device = BANK 2 ChannelB-DIMM0
0:133  0:000  SmbiosTable.Type17->Vendor = 
0:133  0:000  SmbiosTable.Type17->SerialNumber = 
0:133  0:000  SmbiosTable.Type17->PartNumber = 
0:133  0:000  Type 17 Index = 3
0:133  0:000  Ignoring insane frequency value 0MHz
0:133  0:000  SmbiosTable.Type17->Speed = 0MHz
0:133  0:000  SmbiosTable.Type17->Size = 0MB
0:133  0:000  SmbiosTable.Type17->Bank/Device = BANK 3 ChannelB-DIMM1
0:133  0:000  SmbiosTable.Type17->Vendor = 
0:133  0:000  SmbiosTable.Type17->SerialNumber = 
0:133  0:000  SmbiosTable.Type17->PartNumber = 
0:133  0:000  Boot status=0
0:133  0:000  Running on: 'CP67S' with board 'P65_P67RGRERA'
0:133  0:000  === [ GetCPUProperties ] ========================
0:133  0:000  CPU Vendor = 756E6547 Model=506E3
0:133  0:000   The CPU supported SSE4.1
0:133  0:000  BrandString = Intel(R) Core(TM) i7-6700HQ CPU @ 2.60GHz
0:133  0:000   The CPU supported turbo
0:133  0:000  MSR 0x35               40008
0:133  0:000   TSC/CCC Information Leaf:
0:133  0:000    numerator     : 216
0:133  0:000    denominator   : 2
0:133  0:000   Calibrated ARTFrequency: 24003365
0:133  0:000   Rounded ARTFrequency: 24000000
0:133  0:000  MSR 0xE2 before patch 1E008007
0:133  0:000  MSR 0xE2 is locked, PM patches will be turned on
0:133  0:000  MSR 0xCE              0008083B_8083BF1011A00
0:133  0:000  corrected FLEX_RATIO = 0
0:133  0:000  MSR 0x1B0             00000000
0:133  0:000  FSBFrequency = 120 MHz, DMI FSBFrequency = 100 MHz, Corrected FSBFrequency = 100 MHz
0:133  0:000  MaxDiv/MinDiv: 26.0/8
0:133  0:000  Turbo: 31/32/33/35
0:133  0:000  Features: 0x77FAFBBFBFEBFBFF
0:133  0:000  Threads: 8
0:133  0:000  Cores: 4
0:133  0:000  FSB: 100 MHz
0:133  0:000  CPU: 3100 MHz
0:133  0:000  TSC: 3100 MHz
0:133  0:000  PIS: 100 MHz
0:133  0:000  ExternalClock: 25 MHz
0:133  0:000  === [ GetDevices ] ==============================
0:133  0:000  GOP found at: PciRoot(0x0)/Pci(0x2,0x0)/AcpiAdr(0x80011400)
0:133  0:000  PCI (00|00:00.00) : 8086 1910 class=060000
0:133  0:000  PCI (00|00:01.00) : 8086 1901 class=060400
0:133  0:000  PCI (00|01:00.00) : 10DE 13D8 class=030000
0:133  0:000   - GFX: Model=Clevo GeForce GTX 970M family 124 (Maxwell)
0:133  0:000  PCI (00|01:00.01) : FFFF FFFF class=FFFFFF
0:133  0:000  PCI (00|00:02.00) : 8086 191B class=030000
0:133  0:000   - GOP: Provided by device
0:133  0:000   - GFX: Model=Intel HD Graphics 530 (Intel)
0:133  0:000  PCI (00|00:14.00) : 8086 A12F class=0C0330
0:133  0:000  PCI (00|00:14.02) : 8086 A131 class=118000
0:133  0:000  PCI (00|00:16.00) : 8086 A13A class=078000
0:133  0:000  PCI (00|00:17.00) : 8086 A103 class=010601
0:133  0:000  PCI (00|00:1C.00) : 8086 A114 class=060400
0:133  0:000  PCI (00|02:00.00) : 10EC 5287 class=FF0000
0:134  0:000  PCI (00|02:00.01) : 10EC 8168 class=020000
0:134  0:000   - LAN: 0 Vendor=Realtek
0:134  0:000  PCI (00|00:1C.05) : 8086 A115 class=060400
0:134  0:000  PCI (00|03:00.00) : 8086 3165 class=028000
0:134  0:000   - WIFI: Vendor=32902Intel
0:134  0:000  PCI (00|00:1F.00) : 8086 A14E class=060100
0:134  0:000  PCI (00|00:1F.02) : 8086 A121 class=058000
0:134  0:000  PCI (00|00:1F.03) : 8086 A170 class=040300
0:134  0:000  PCI (00|00:1F.04) : 8086 A123 class=0C0500
0:134  0:000  === [ GetDefaultSettings ] ======================
0:134  0:000  Clover load options size = 0 bytes
0:137  0:002  CheckOEMPathExists tried EFI\CLOVER\OEM\CP67S--00-00-00-00-00-00. Dir not exists
0:137  0:000  CheckOEMPathExists tried EFI\CLOVER\OEM\P65_P67RGRERA\UEFI. Dir not exists
0:137  0:000  CheckOEMPathExists tried EFI\CLOVER\OEM\CP67S. Dir not exists
0:137  0:000  CheckOEMPathExists tried EFI\CLOVER\OEM\CP67S-3100. Dir not exists
0:137  0:000  CheckOEMPathExists tried EFI\CLOVER\OEM\P65_P67RGRERA. Dir not exists
0:137  0:000  CheckOEMPathExists tried EFI\CLOVER\OEM\P65_P67RGRERA-3100. Dir not exists
0:137  0:000  set OEMPath by default: EFI\CLOVER
0:142  0:005  EFI\CLOVER\config.plist loaded: Success
0:193  0:050  === [ GetListOfThemes ] =========================
0:193  0:000  - [00]: SimpleThemeDark
0:194  0:000  - [01]: Catalina
0:195  0:001  - [02]: Hackintosh_ID
0:196  0:001  - [03]: mac_default_V
0:198  0:001  === [ Found config plists ] =====================
0:198  0:000  - config_AMD_Ryzen.plist
0:198  0:000  - config_AMD_FX_A.plist
0:198  0:000  - config_HD520_530_540.plist
0:198  0:000  - config_5700.plist
0:198  0:000  - config_CometLake_10710u.plist
0:198  0:000  - config_backup.plist
0:198  0:000  - config_Desktop.plist
0:198  0:000  - config.plist
0:206  0:007  === [ GetEarlyUserSettings ] ====================
0:206  0:000  timeout set to 5
0:206  0:000  Custom boot CUSTOM_BOOT_APPLE (0x0)
0:206  0:000  ForceKextsToLoad: 1 requested
0:206  0:000   - [0]: System\Library\Extensions\IONetworkingFamily.kext
0:206  0:000  KextsToPatch: 18 requested
0:206  0:000   - [00]: AppleIntelCFLGraphicsFramebuffer (DVMT for AppleIntelCFLGraphicsFramebuffer﻿ (Credits DalianSky) for 10.15.x) :: MatchOS: 10.15.x :: BinPatch :: data len: 6
0:206  0:000   - [01]: AppleIntelKBLGraph﻿icsFramebuffer﻿﻿﻿ (DVMT for AppleIntelKBLGraphicsFramebuffer﻿ (Credits DalianSky) for 10.15.x) :: MatchOS: 10.15.x :: BinPatch :: data len: 6
0:206  0:000   - [02]: AppleIntelSKLGraph﻿icsFramebuffer﻿﻿﻿ (DVMT for AppleIntelSKLGraphicsFramebuffer﻿ (Credits DalianSky) for 10.15.x) :: MatchOS: 10.15.x :: BinPatch :: data len: 6
0:206  0:000   - [03]: AppleIntelBDWGraphicsFramebuffer (DVMT for AppleIntelBDWGraphicsFramebuffer (Credits DalianSky) for 10.14.x) :: MatchOS: 10.14.x :: BinPatch :: data len: 5
0:206  0:000   - [04]: AppleIntelSKLGraphicsFramebuffer (DVMT for AppleIntelSKLGraphicsFramebuffer﻿ (Credits DalianSky) for 10.14.x) :: MatchOS: 10.14.x :: BinPatch :: data len: 5
0:206  0:000   - [05]: AppleIntelKBLGraph﻿icsFramebuffer﻿﻿﻿ (DVMT for AppleIntelKBLGraphicsFramebuffer﻿ (Credits DalianSky) for 10.14.x) :: MatchOS: 10.14.x :: BinPatch :: data len: 5
0:206  0:000   - [06]: AppleIntelCFLGraphicsFramebuffer (DVMT for AppleIntelCFLGraphicsFramebuffer﻿ (Credits DalianSky) for 10.14.x) :: MatchOS: 10.14.x :: BinPatch :: data len: 5
0:206  0:000   - [07]: AppleIntelCFLGraphicsFramebuffer (DVMT for AppleIntelCFLGraphicsFramebuffer﻿ (Credits DalianSky) for 10.14.x) :: MatchOS: 10.14.x :: BinPatch :: data len: 5
0:206  0:000   - [08]: AppleIntelLpssI2C (Disable AppleIntelLpssI2C (credit by Coolstar)) :: PlistPatch :: data len: 5
0:206  0:000   - [09]: AppleIntelLpssI2CController (Disable AppleIntelLpssI2CCOntroller (credit by Coolstar)) :: PlistPatch :: data len: 5
0:206  0:000   - [10]: IOBufferCopyController (disable IOBufferCopyController (Credit by DalianSky)) :: PlistPatch :: data len: 5
0:206  0:000   - [11]: com.apple.driver.usb.AppleUSBXHCI (10.13.x USB Port Limit Patch) :: MatchOS: 10.13.4,10.13.5 :: BinPatch :: data len: 10
0:206  0:000   - [12]: com.apple.driver.usb.AppleUSBXHCI (USB 10.13.6 by PMHeart) :: MatchOS: 10.13.6 :: BinPatch :: data len: 10
0:206  0:000   - [13]: com.apple.iokit.IOUSBHostFamily (USB Port limit patch 10.14.x 10.15.x #1 modify by DalianSky(credits PMheart)) :: BinPatch :: data len: 4
0:206  0:000   - [14]: com.apple.iokit.IOUSBHostFamily (USB port limit patch 10.14.x modify by DalianSky(credit PMHeart)) :: BinPatch :: data len: 4
0:206  0:000   - [15]: com.apple.driver.usb.AppleUSBXHCI (USB Port limit patch 10.15.x #1 modify by DalianSky) :: BinPatch :: data len: 4
0:206  0:000   - [16]: com.apple.driver.usb.AppleUSBXHCI (USB Port limit patch 10.14.x modify by DalianSky(credits PMheart)) :: BinPatch :: data len: 4
0:206  0:000   - [17]: com.apple.driver.usb.AppleUSBXHCI (USB Port limit patch 10.14.x modify by DalianSky(credits PMheart)) :: BinPatch :: data len: 4
0:206  0:000  KernelToPatch: 1 requested
0:206  0:000   - [00]: MSR 0xE2 _xcpm_idle instant reboot(c) Pike R. Alpha :: data len: 8
0:206  0:000  Default theme: Catalina
0:206  0:000  Hiding entries with string Preboot
0:206  0:000  Hiding entries with string Recovery
0:206  0:000  Hiding entries with string Windows
0:206  0:000  ** Warning: unknown custom entry Type 'Other'
0:206  0:000  === [ LoadDrivers ] =============================
0:206  0:000  Loading FSInject.efi  status=Success
0:208  0:001  Loading NvmExpressDxe.efi  status=Success
0:210  0:002   - driver needs connecting
0:210  0:000  Loading HFSPlus.efi  status=Success
0:212  0:002   - driver needs connecting
0:212  0:000  Loading apfs.efi  status=Success
0:218  0:005   - driver needs connecting
0:218  0:000  Loading SMCHelper.efi  status=Success
0:219  0:001  Loading VirtualSmc.efi  status=Success
0:323  0:103  Loading MemoryAllocation.efi  status=Success
0:325  0:001  Loading DataHubDxe.efi  status=Success
0:330  0:005  Loading PartitionDxe.efi  status=Success
0:333  0:002   - driver needs connecting
0:333  0:000  Loading ApfsDriverLoader.efi  status=Success
0:334  0:001   - driver needs connecting
0:334  0:000  Loading AptioMemoryFix.efi  status=Success
0:336  0:001  5 drivers needs connecting ...
0:336  0:000  PlatformDriverOverrideProtocol not found. Installing ... Success
0:336  0:000  Partition driver loaded: 
0:336  0:000  HFS+ driver loaded
0:336  0:000  APFS driver loaded
0:336  0:000  Searching for invalid DiskIo BY_DRIVER connects:
0:336  0:000   - Handle %p with DiskIo, is Partition, no Fs, BY_DRIVER Agent: %p, Disconnect: hndl
0:644  0:308  === [ InitScreen ] ==============================
0:644  0:000  Console modes reported: 3, available modes:
0:644  0:000   - [01]: 80x25 (current mode)
0:644  0:000   - [02]: 80x50
0:644  0:000   - [03]: 100x31
0:644  0:000  SetMaxResolution: found best mode 0: 1920x1080
0:644  0:000   - already set
0:644  0:000  reinit: self device path=PciRoot(0x0)\Pci(0x17,0x0)\Sata(0x1,0xFFFF,0x0)\HD(1,GPT,61451293-E7DF-4673-B46C-B2B86657D869,0x28,0x64000)
0:644  0:000  new SelfHandle=5D19B798
0:644  0:000  === [ GetMacAddress ] ===========================
0:644  0:000  MAC address of LAN #0= 80:FA:5B:25:38:42:
0:644  0:000  === [ ScanSPD ] =================================
0:645  0:000  Scanning SMBus [8086:A123], mmio: 0xDF32A004, ioport: 0xF040, hostc: 0x11
0:663  0:018  Slot: 1 Type 26 8192MB 2132MHz Vendor=Samsung PartNo=M471A1K43BB0-CPB SerialNo= 9 2 2 5 4 8 2 C
0:664  0:000  === [ GetAcpiTablesList ] =======================
0:730  0:066  Get Acpi Tables List from RSDT:
0:730  0:000   - [00]: FACP  A M I len=132
0:730  0:000   - [01]: APIC  A M I len=188
0:730  0:000   - [02]: FPDT  A M I len=68
0:730  0:000   - [03]: FIDT  A M I len=156
0:730  0:000   - [04]: SLIC  A M I len=374
0:730  0:000   - [05]: MCFG  A M I len=60
0:730  0:000   - [06]: HPET  A M I len=56
0:730  0:000   - [07]: SSDT  A M I len=789
0:730  0:000   - [08]: SSDT  A M I len=4352
0:730  0:000   - [09]: DBGP  A M I len=52
0:730  0:000   - [10]: DBG2  A M I len=84
0:730  0:000   - [11]: MSDM  A M I len=85
0:730  0:000   - [12]: SSDT  A M I len=22101
0:730  0:000   - [13]: UEFI  A M I len=66
0:730  0:000   - [14]: SSDT  A M I len=3672
0:730  0:000   - [15]: SSDT  A M I len=1912
0:730  0:000   - [16]: SSDT  A M I len=159
0:730  0:000   - [17]: DMAR  A M I len=168
0:730  0:000   - [18]: TPM2  A M I len=52
0:730  0:000   - [19]: SSDT  A M I len=5454
0:730  0:000   - [20]: ASF!  A M I len=165
0:730  0:000   - [21]: BGRT  A M I len=56
0:730  0:000  Calibrated TSC Frequency = 2592363500 = 2592MHz
0:730  0:000  === [ GetUserSettings ] =========================
0:730  0:000  Add 2 devices (kTagTypeDict):
0:730  0:000  USB FixOwnership: yes
0:730  0:000  Dropping 3 tables:
0:730  0:000   - [00]: Drop table  signature="DMAR" (52414D44)
0:730  0:000           - set table: 52414D44,                0 to drop: yes
0:730  0:000   - [01]: Drop table  signature="SSDT" (54445353) table-id="xh_rvp10" (30317076725F6878)
0:730  0:000           - set table: 54445353, 30317076725f6878 to drop: no
0:730  0:000   - [02]: Drop table  signature="#MCF" (46434D23)
0:730  0:000           - set table: 46434D23,                0 to drop: no
0:730  0:000   - final DSDT Fix mask=11060054
0:730  0:000  PatchesDSDT: 10 requested
0:730  0:000   - [00]: (change EC0 to EC) lenToFind: 4, lenToReplace: 4, Target Bridge: 
0:730  0:000    patch disabled at config
0:730  0:000   - [01]: (change H_EC to EC) lenToFind: 4, lenToReplace: 4, Target Bridge: 
0:730  0:000    patch disabled at config
0:730  0:000   - [02]: (change ECDV to EC) lenToFind: 4, lenToReplace: 4, Target Bridge: 
0:730  0:000    patch disabled at config
0:730  0:000   - [03]: (Fix AsRock Z390 BIOS DSDT Device(RTC) bug) lenToFind: 8, lenToReplace: 8, Target Bridge: 
0:730  0:000    patch disabled at config
0:730  0:000   - [04]: (change HDAS to HDEF) lenToFind: 4, lenToReplace: 4, Target Bridge: 
0:730  0:000   - [05]: (change HECI to IMEI) lenToFind: 4, lenToReplace: 4, Target Bridge: 
0:730  0:000   - [06]: (change MEI to IMEI) lenToFind: 4, lenToReplace: 4, Target Bridge: 
0:730  0:000   - [07]: (change GFX0 to IGPU) lenToFind: 4, lenToReplace: 4, Target Bridge: 
0:730  0:000   - [08]: (change PCI0.VID to IGPU #1 (Thinkpad)) lenToFind: 8, lenToReplace: 8, Target Bridge: 
0:730  0:000   - [09]: (change PCI0.VID to IGPU #2 (Thinkpad)) lenToFind: 14, lenToReplace: 14, Target Bridge: 
0:730  0:000  EnableC7: no
0:730  0:000  EnableC6: no
0:731  0:000  Using ProductName from clover: MacBookPro13,3
0:731  0:000  BiosVersion: not set, Using BiosVersion from clover
0:731  0:000  BiosVersion: MBP133.88Z.F000.B00.2001311618
0:731  0:000  BiosReleaseDate: 01/31/2020
0:731  0:000  Using EfiVersion from clover: 265.0.0.0.0
0:731  0:000  Using FirmwareFeatures from clover: 0xFC0FE17E
0:731  0:000  Using FirmwareFeaturesMask from clover: 0xFF1FFF7F
0:731  0:000  Using PlatformFeature from clover: 0x1A
0:731  0:000  === [ Found DSDT tables ] =======================
1:363  0:632  === [ ScanVolumes ] =============================
1:363  0:000  Found 18 volumes with blockIO
1:363  0:000  - [00]: Volume: PciRoot(0x0)\Pci(0x17,0x0)\Sata(0x0,0xFFFF,0x0)
1:365  0:001  - [01]: Volume: PciRoot(0x0)\Pci(0x17,0x0)\Sata(0x1,0xFFFF,0x0)
1:365  0:000  - [02]: Volume: PciRoot(0x0)\Pci(0x17,0x0)\Sata(0x3,0xFFFF,0x0)
1:366  0:000          Result of bootcode detection: bootable unknown (legacy)
1:366  0:000  - [03]: Volume: PciRoot(0x0)\Pci(0x17,0x0)\Sata(0x0,0xFFFF,0x0)\HD(1,GPT,CE20A7BC-B85B-41A3-9E92-2CEFBB00AB12,0x800,0x108800)
1:366  0:000          Result of bootcode detection: bootable Windows (vista,win)
1:366  0:000  - [04]: Volume: PciRoot(0x0)\Pci(0x17,0x0)\Sata(0x0,0xFFFF,0x0)\HD(2,GPT,AF79F234-8AD5-4AF3-B526-1449924EFA01,0x109000,0x32000)
1:367  0:000          Result of bootcode detection: bootable Windows (vista,win)
1:367  0:000  - [05]: Volume: PciRoot(0x0)\Pci(0x17,0x0)\Sata(0x0,0xFFFF,0x0)\HD(3,GPT,1379CD63-5970-4E95-B63E-E5362529D9C5,0x13B000,0x8000)
1:368  0:000  - [06]: Volume: PciRoot(0x0)\Pci(0x17,0x0)\Sata(0x0,0xFFFF,0x0)\HD(4,GPT,92F84EA6-4DD4-4E58-A530-FDDDD557E18A,0x143000,0x1DA8AB75)
1:368  0:000          Result of bootcode detection: bootable Windows (vista,win)
1:368  0:000  - [07]: Volume: PciRoot(0x0)\Pci(0x17,0x0)\Sata(0x0,0xFFFF,0x0)\HD(5,GPT,4C19FE22-8F3B-434E-8E5C-6EAECD332823,0x1DBCE000,0x125000)
1:369  0:000          Result of bootcode detection: bootable Windows (vista,win)
1:369  0:000  - [08]: Volume: PciRoot(0x0)\Pci(0x17,0x0)\Sata(0x1,0xFFFF,0x0)\HD(1,GPT,61451293-E7DF-4673-B46C-B2B86657D869,0x28,0x64000)
1:369  0:000          Result of bootcode detection: bootable unknown (legacy)
1:369  0:000          This is SelfVolume !!
1:369  0:000  - [09]: Volume: PciRoot(0x0)\Pci(0x17,0x0)\Sata(0x1,0xFFFF,0x0)\HD(2,GPT,D8814873-7F60-4F87-AC80-7998ADD30715,0x64028,0xEDD8260)
1:370  0:000          Result of bootcode detection: bootable unknown (legacy)
1:370  0:000  - [10]: Volume: PciRoot(0x0)\Pci(0x17,0x0)\Sata(0x3,0xFFFF,0x0)\HD(1,MBR,0xE18E438E,0x10E04108,0x29581800)
1:371  0:000          Result of bootcode detection: bootable Windows (vista,win)
1:371  0:000  - [11]: Volume: PciRoot(0x0)\Pci(0x17,0x0)\Sata(0x3,0xFFFF,0x0)\HD(2,MBR,0xE18E438E,0x3EFE,0x10DFF3C8)
1:371  0:000          Result of bootcode detection: bootable Windows (vista,win)
1:371  0:000  - [12]: Volume: PciRoot(0x0)\Pci(0x17,0x0)\Sata(0x1,0xFFFF,0x0)\HD(2,GPT,D8814873-7F60-4F87-AC80-7998ADD30715,0x64028,0xEDD8260)\VenMedia(BE74FCF7-0B7C-49F3-9147-01F4042E6842,9EE64CB7B8EE0441888BDA2F4E0DE8C4)
1:371  0:000          hiding this volume
1:371  0:000  - [13]: Volume: PciRoot(0x0)\Pci(0x17,0x0)\Sata(0x1,0xFFFF,0x0)\HD(2,GPT,D8814873-7F60-4F87-AC80-7998ADD30715,0x64028,0xEDD8260)\VenMedia(BE74FCF7-0B7C-49F3-9147-01F4042E6842,E6D4257E869EB2379E3295419D830091)
1:371  0:000  - [14]: Volume: PciRoot(0x0)\Pci(0x17,0x0)\Sata(0x1,0xFFFF,0x0)\HD(2,GPT,D8814873-7F60-4F87-AC80-7998ADD30715,0x64028,0xEDD8260)\VenMedia(BE74FCF7-0B7C-49F3-9147-01F4042E6842,28B29C9B880B0D4E92CB8851D7D782F3)
1:371  0:000          hiding this volume
1:371  0:000  - [15]: Volume: PciRoot(0x0)\Pci(0x17,0x0)\Sata(0x1,0xFFFF,0x0)\HD(2,GPT,D8814873-7F60-4F87-AC80-7998ADD30715,0x64028,0xEDD8260)\VenMedia(BE74FCF7-0B7C-49F3-9147-01F4042E6842,578ED0C79CF77D409C8406E29FD66C52)
1:371  0:000  - [16]: Volume: PciRoot(0x0)\Pci(0x17,0x0)\Sata(0x1,0xFFFF,0x0)\HD(2,GPT,D8814873-7F60-4F87-AC80-7998ADD30715,0x64028,0xEDD8260)\VenMedia(BE74FCF7-0B7C-49F3-9147-01F4042E6842,E4446F8345E1E34EA6B964B79D026FDF)
1:371  0:000  - [17]: Volume: PciRoot(0x0)\Pci(0x17,0x0)\Sata(0x3,0xFFFF,0x0)\HD(2,MBR,0xE18E438E,0x3EFE,0x10DFF3C8)\HD(1,MBR,0x00000000,0x3F00,0x10DFF3C6)
1:372  0:000          Result of bootcode detection: bootable Windows (vista,win)
1:375  0:002  No AudioIoProtocols, status=Not Found
1:375  0:000  === [ InitXTheme ] ==============================
1:375  0:000  use night theme
1:383  0:007  Using theme 'Catalina' (EFI\CLOVER\themes\Catalina)
1:383  0:000  chosen theme Catalina
1:383  0:000  OS main and drive as badge
1:515  0:132    Channels: 1  Sample rate: 44100 Hz  Bits: 16
1:515  0:000  output to channel 0 with volume 0, len=228736
1:515  0:000   sound channels=1 bits=16 freq=44100
1:515  0:000  sound play end with status=Not Found
1:515  0:000    Channels: 1  Sample rate: 44100 Hz  Bits: 16
1:515  0:000  output to channel 0 with volume 0, len=228736
1:515  0:000   sound channels=1 bits=16 freq=44100
1:515  0:000  sound play end with status=Not Found
1:518  0:002  Loading font from ThemeDir: Success
1:714  0:196  theme inited
1:714  0:000  Chosen theme Catalina
1:714  0:000  after NVRAM boot-args=-v debug=0x100 dart=0 keepsyms=1 -no_compat_check slide=0 -lilubetaall applbkl=1
1:714  0:000  === [ Dump SMC keys from NVRAM ] ================
1:714  0:000  found AppleSMC protocol
1:734  0:019  === [ AddCustomEntries ] ========================
1:734  0:000  === [ ScanLoader ] ==============================
1:734  0:000  - [03]: '恢复'
1:734  0:000  - [04]: 'EFI'
1:734  0:000          AddLoaderEntry for Volume Name=EFI
1:734  0:000      Not match custom entry 0: Type: not match
1:737  0:002          AddLoaderEntry for Volume Name=EFI
1:737  0:000          skipped because entry is hidden
1:737  0:000  - [06]: ''
1:737  0:000  - [07]: ''
1:737  0:000  - [08]: 'EFI'
1:737  0:000          AddLoaderEntry for Volume Name=EFI
1:737  0:000          skipped because entry is hidden
1:737  0:000  - [10]: ''
1:737  0:000  - [12]: 'Preboot', hidden
1:737  0:000  - [13]: 'Mac OS - 数据'
1:744  0:007  - [14]: 'Recovery', hidden
1:744  0:000  - [15]: 'VM'
1:745  0:000  - [16]: 'Mac OS'
1:768  0:023          AddLoaderEntry for Volume Name=Mac OS
1:768  0:000      Not match custom entry 0: Type: not match
1:774  0:005      hibernated: set as never
1:775  0:000          AddLoaderEntry for Volume Name=Mac OS
1:775  0:000          skipped because entry is hidden
1:775  0:000  - [17]: ''
1:775  0:000  === [ AddCustomTool ] ===========================
1:775  0:000  found tool \EFI\CLOVER\tools\Shell64U.efi
1:775  0:000  Checking EFI partition Volume 4 for Clover
1:775  0:000  Checking EFI partition Volume 8 for Clover
1:775  0:000   Found Clover
1:775  0:000  === [ GetEfiBootDeviceFromNvram ] ===============
1:776  0:000   - efi-boot-device-data: PciRoot(0x0)\Pci(0x17,0x0)\Sata(0x1,0xFFFF,0x0)\HD(2,GPT,D8814873-7F60-4F87-AC80-7998ADD30715,0x64028,0xEDD8260)\VenMedia(BE74FCF7-0B7C-49F3-9147-01F4042E6842,E4446F8345E1E34EA6B964B79D026FDF)
1:776  0:000    - Volume: 'PciRoot(0x0)\Pci(0x17,0x0)\Sata(0x1,0xFFFF,0x0)\HD(2,GPT,D8814873-7F60-4F87-AC80-7998ADD30715,0x64028,0xEDD8260)\VenMedia(BE74FCF7-0B7C-49F3-9147-01F4042E6842,E4446F8345E1E34EA6B964B79D026FDF)'
1:776  0:000    - LoaderPath: ''
1:776  0:000    - Guid = D8814873-7F60-4F87-AC80-7998ADD30715
1:776  0:000  === [ FindStartupDiskVolume ] ===================
1:776  0:000    - Volume: partition = PciRoot(0x0)\Pci(0x17,0x0)\Sata(0x1,0xFFFF,0x0)\HD(2,GPT,D8814873-7F60-4F87-AC80-7998ADD30715,0x64028,0xEDD8260)\VenMedia(BE74FCF7-0B7C-49F3-9147-01F4042E6842,E4446F8345E1E34EA6B964B79D026FDF)
1:776  0:000     - searching for that partition
1:776  0:000      - found entry 1. 'Boot macOS from Mac OS', Volume 'Mac OS'
1:776  0:000  Boot redirected to Entry 1. 'Boot macOS from Mac OS'
1:817  0:041  GUI ready
15:306  13:488  === [ GetUserSettings ] =========================
15:306  0:000  Add 2 devices (kTagTypeDict):
15:306  0:000  USB FixOwnership: yes
15:306  0:000  Dropping 3 tables:
15:306  0:000   - [00]: Drop table  signature="DMAR" (52414D44)
15:306  0:000           - set table: 52414D44,                0 to drop: yes
15:306  0:000   - [01]: Drop table  signature="SSDT" (54445353) table-id="xh_rvp10" (30317076725F6878)
15:306  0:000           - set table: 54445353, 30317076725f6878 to drop: no
15:306  0:000   - [02]: Drop table  signature="#MCF" (46434D23)
15:306  0:000           - set table: 46434D23,                0 to drop: no
15:306  0:000   - final DSDT Fix mask=11060054
15:306  0:000  PatchesDSDT: 10 requested
15:306  0:000   - [00]: (change EC0 to EC) lenToFind: 4, lenToReplace: 4, Target Bridge: 
15:306  0:000    patch disabled at config
15:306  0:000   - [01]: (change H_EC to EC) lenToFind: 4, lenToReplace: 4, Target Bridge: 
15:306  0:000    patch disabled at config
15:306  0:000   - [02]: (change ECDV to EC) lenToFind: 4, lenToReplace: 4, Target Bridge: 
15:306  0:000    patch disabled at config
15:306  0:000   - [03]: (Fix AsRock Z390 BIOS DSDT Device(RTC) bug) lenToFind: 8, lenToReplace: 8, Target Bridge: 
15:306  0:000    patch disabled at config
15:306  0:000   - [04]: (change HDAS to HDEF) lenToFind: 4, lenToReplace: 4, Target Bridge: 
15:306  0:000   - [05]: (change HECI to IMEI) lenToFind: 4, lenToReplace: 4, Target Bridge: 
15:306  0:000   - [06]: (change MEI to IMEI) lenToFind: 4, lenToReplace: 4, Target Bridge: 
15:306  0:000   - [07]: (change GFX0 to IGPU) lenToFind: 4, lenToReplace: 4, Target Bridge: 
15:306  0:000   - [08]: (change PCI0.VID to IGPU #1 (Thinkpad)) lenToFind: 8, lenToReplace: 8, Target Bridge: 
15:306  0:000   - [09]: (change PCI0.VID to IGPU #2 (Thinkpad)) lenToFind: 14, lenToReplace: 14, Target Bridge: 
15:306  0:000  EnableC7: no
15:306  0:000  EnableC6: no
15:306  0:000  Using ProductName from clover: MacBookPro13,3
15:306  0:000  BiosVersion: not set, Using BiosVersion from clover
15:306  0:000  BiosVersion: MBP133.88Z.F000.B00.2001311618
15:306  0:000  BiosReleaseDate: 01/31/2020
15:306  0:000  Using EfiVersion from clover: 265.0.0.0.0
15:306  0:000  Using FirmwareFeatures from clover: 0xFC0FE17E
15:306  0:000  Using FirmwareFeaturesMask from clover: 0xFF1FFF7F
15:306  0:000  Using PlatformFeature from clover: 0x1A
16:775  1:469  ReinitSelfLib after theme change
16:775  0:000  reinit: self device path=PciRoot(0x0)\Pci(0x17,0x0)\Sata(0x1,0xFFFF,0x0)\HD(1,GPT,61451293-E7DF-4673-B46C-B2B86657D869,0x28,0x64000)
16:775  0:000  new SelfHandle=5D19B798
16:775  0:000  === [ ScanVolumes ] =============================
16:775  0:000  Found 18 volumes with blockIO
16:775  0:000  - [00]: Volume: PciRoot(0x0)\Pci(0x17,0x0)\Sata(0x0,0xFFFF,0x0)
16:777  0:001  - [01]: Volume: PciRoot(0x0)\Pci(0x17,0x0)\Sata(0x1,0xFFFF,0x0)
16:778  0:001  - [02]: Volume: PciRoot(0x0)\Pci(0x17,0x0)\Sata(0x3,0xFFFF,0x0)
16:779  0:000          Result of bootcode detection: bootable unknown (legacy)
16:779  0:000  - [03]: Volume: PciRoot(0x0)\Pci(0x17,0x0)\Sata(0x0,0xFFFF,0x0)\HD(1,GPT,CE20A7BC-B85B-41A3-9E92-2CEFBB00AB12,0x800,0x108800)
16:779  0:000          Result of bootcode detection: bootable Windows (vista,win)
16:779  0:000  - [04]: Volume: PciRoot(0x0)\Pci(0x17,0x0)\Sata(0x0,0xFFFF,0x0)\HD(2,GPT,AF79F234-8AD5-4AF3-B526-1449924EFA01,0x109000,0x32000)
16:780  0:000          Result of bootcode detection: bootable Windows (vista,win)
16:780  0:000  - [05]: Volume: PciRoot(0x0)\Pci(0x17,0x0)\Sata(0x0,0xFFFF,0x0)\HD(3,GPT,1379CD63-5970-4E95-B63E-E5362529D9C5,0x13B000,0x8000)
16:780  0:000  - [06]: Volume: PciRoot(0x0)\Pci(0x17,0x0)\Sata(0x0,0xFFFF,0x0)\HD(4,GPT,92F84EA6-4DD4-4E58-A530-FDDDD557E18A,0x143000,0x1DA8AB75)
16:781  0:000          Result of bootcode detection: bootable Windows (vista,win)
16:781  0:000  - [07]: Volume: PciRoot(0x0)\Pci(0x17,0x0)\Sata(0x0,0xFFFF,0x0)\HD(5,GPT,4C19FE22-8F3B-434E-8E5C-6EAECD332823,0x1DBCE000,0x125000)
16:781  0:000          Result of bootcode detection: bootable Windows (vista,win)
16:781  0:000  - [08]: Volume: PciRoot(0x0)\Pci(0x17,0x0)\Sata(0x1,0xFFFF,0x0)\HD(1,GPT,61451293-E7DF-4673-B46C-B2B86657D869,0x28,0x64000)
16:782  0:000          Result of bootcode detection: bootable unknown (legacy)
16:782  0:000          This is SelfVolume !!
16:782  0:000  - [09]: Volume: PciRoot(0x0)\Pci(0x17,0x0)\Sata(0x1,0xFFFF,0x0)\HD(2,GPT,D8814873-7F60-4F87-AC80-7998ADD30715,0x64028,0xEDD8260)
16:783  0:000          Result of bootcode detection: bootable unknown (legacy)
16:783  0:000  - [10]: Volume: PciRoot(0x0)\Pci(0x17,0x0)\Sata(0x3,0xFFFF,0x0)\HD(1,MBR,0xE18E438E,0x10E04108,0x29581800)
16:783  0:000          Result of bootcode detection: bootable Windows (vista,win)
16:783  0:000  - [11]: Volume: PciRoot(0x0)\Pci(0x17,0x0)\Sata(0x3,0xFFFF,0x0)\HD(2,MBR,0xE18E438E,0x3EFE,0x10DFF3C8)
16:784  0:000          Result of bootcode detection: bootable Windows (vista,win)
16:784  0:000  - [12]: Volume: PciRoot(0x0)\Pci(0x17,0x0)\Sata(0x1,0xFFFF,0x0)\HD(2,GPT,D8814873-7F60-4F87-AC80-7998ADD30715,0x64028,0xEDD8260)\VenMedia(BE74FCF7-0B7C-49F3-9147-01F4042E6842,9EE64CB7B8EE0441888BDA2F4E0DE8C4)
16:784  0:000          hiding this volume
16:784  0:000  - [13]: Volume: PciRoot(0x0)\Pci(0x17,0x0)\Sata(0x1,0xFFFF,0x0)\HD(2,GPT,D8814873-7F60-4F87-AC80-7998ADD30715,0x64028,0xEDD8260)\VenMedia(BE74FCF7-0B7C-49F3-9147-01F4042E6842,E6D4257E869EB2379E3295419D830091)
16:784  0:000  - [14]: Volume: PciRoot(0x0)\Pci(0x17,0x0)\Sata(0x1,0xFFFF,0x0)\HD(2,GPT,D8814873-7F60-4F87-AC80-7998ADD30715,0x64028,0xEDD8260)\VenMedia(BE74FCF7-0B7C-49F3-9147-01F4042E6842,28B29C9B880B0D4E92CB8851D7D782F3)
16:784  0:000          hiding this volume
16:784  0:000  - [15]: Volume: PciRoot(0x0)\Pci(0x17,0x0)\Sata(0x1,0xFFFF,0x0)\HD(2,GPT,D8814873-7F60-4F87-AC80-7998ADD30715,0x64028,0xEDD8260)\VenMedia(BE74FCF7-0B7C-49F3-9147-01F4042E6842,578ED0C79CF77D409C8406E29FD66C52)
16:784  0:000  - [16]: Volume: PciRoot(0x0)\Pci(0x17,0x0)\Sata(0x1,0xFFFF,0x0)\HD(2,GPT,D8814873-7F60-4F87-AC80-7998ADD30715,0x64028,0xEDD8260)\VenMedia(BE74FCF7-0B7C-49F3-9147-01F4042E6842,E4446F8345E1E34EA6B964B79D026FDF)
16:784  0:000  - [17]: Volume: PciRoot(0x0)\Pci(0x17,0x0)\Sata(0x3,0xFFFF,0x0)\HD(2,MBR,0xE18E438E,0x3EFE,0x10DFF3C8)\HD(1,MBR,0x00000000,0x3F00,0x10DFF3C6)
16:785  0:000          Result of bootcode detection: bootable Windows (vista,win)
16:785  0:000  No AudioIoProtocols, status=Not Found
16:785  0:000  change theme
16:785  0:000  === [ InitXTheme ] ==============================
16:785  0:000  use night theme
16:791  0:006  Using theme 'Catalina' (EFI\CLOVER\themes\Catalina)
16:791  0:000  chosen theme Catalina
16:791  0:000  OS main and drive as badge
16:918  0:126    Channels: 1  Sample rate: 44100 Hz  Bits: 16
16:918  0:000  output to channel 0 with volume 0, len=228736
16:918  0:000   sound channels=1 bits=16 freq=44100
16:918  0:000  sound play end with status=Not Found
16:919  0:000    Channels: 1  Sample rate: 44100 Hz  Bits: 16
16:919  0:000  output to channel 0 with volume 0, len=228736
16:919  0:000   sound channels=1 bits=16 freq=44100
16:919  0:000  sound play end with status=Not Found
16:921  0:002  Loading font from ThemeDir: Success
17:109  0:188  theme inited
17:109  0:000  Chosen theme Catalina
17:109  0:000  after NVRAM boot-args=-v debug=0x100 dart=0 keepsyms=1 -no_compat_check slide=0 -lilubetaall applbkl=1
17:109  0:000  === [ AddCustomEntries ] ========================
17:109  0:000  === [ ScanLoader ] ==============================
17:109  0:000  - [03]: '恢复'
17:109  0:000  - [04]: 'EFI'
17:110  0:000          AddLoaderEntry for Volume Name=EFI
17:110  0:000      Not match custom entry 0: Type: not match
17:110  0:000          AddLoaderEntry for Volume Name=EFI
17:110  0:000          skipped because entry is hidden
17:110  0:000  - [06]: ''
17:110  0:000  - [07]: ''
17:110  0:000  - [08]: 'EFI'
17:110  0:000          AddLoaderEntry for Volume Name=EFI
17:110  0:000          skipped because entry is hidden
17:110  0:000  - [10]: ''
17:110  0:000  - [12]: 'Preboot', hidden
17:110  0:000  - [13]: 'Mac OS - 数据'
17:110  0:000  - [14]: 'Recovery', hidden
17:110  0:000  - [15]: 'VM'
17:110  0:000  - [16]: 'Mac OS'
17:110  0:000          AddLoaderEntry for Volume Name=Mac OS
17:110  0:000      Not match custom entry 0: Type: not match
17:112  0:001      hibernated: set as never
17:112  0:000          AddLoaderEntry for Volume Name=Mac OS
17:112  0:000          skipped because entry is hidden
17:112  0:000  - [17]: ''
17:112  0:000  === [ AddCustomTool ] ===========================
17:112  0:000  found tool \EFI\CLOVER\tools\Shell64U.efi
17:112  0:000  Checking EFI partition Volume 4 for Clover
17:112  0:000  Checking EFI partition Volume 8 for Clover
17:112  0:000   Found Clover
17:112  0:000  === [ GetEfiBootDeviceFromNvram ] ===============
17:112  0:000  === [ FindStartupDiskVolume ] ===================
17:112  0:000    - Volume: partition = PciRoot(0x0)\Pci(0x17,0x0)\Sata(0x1,0xFFFF,0x0)\HD(2,GPT,D8814873-7F60-4F87-AC80-7998ADD30715,0x64028,0xEDD8260)\VenMedia(BE74FCF7-0B7C-49F3-9147-01F4042E6842,E4446F8345E1E34EA6B964B79D026FDF)
17:112  0:000     - searching for that partition
17:112  0:000      - found entry 1. 'Boot macOS from Mac OS', Volume 'Mac OS'
17:112  0:000  Boot redirected to Entry 1. 'Boot macOS from Mac OS'
38:396  21:284  Boot option Boot0000 not found
38:396  0:000  === [ StartLoader ] =============================
38:396  0:000  Finally: ExternalClock=25MHz BusSpeed=99707kHz CPUFreq=2592MHz PIS: hw.busfrequency=100000000Hz
38:396  0:000  start loader
38:396  0:000  Loading boot.efi  status=Success
38:438  0:041  GetOSVersion: 10.15.4 (19E287)
38:438  0:000  CSR_CFG: CSR_ALLOW_UNTRUSTED_KEXTS | CSR_ALLOW_UNRESTRICTED_FS | CSR_ALLOW_TASK_FOR_PID | CSR_ALLOW_UNRESTRICTED_DTRACE | CSR_ALLOW_UNRESTRICTED_NVRAM
38:438  0:000  Filtering KextPatches:
38:438  0:000   - [00]: AppleIntelCFLGraphicsFramebuffer (DVMT for AppleIntelCFLGraphicsFramebuffer﻿ (Credits DalianSky) for 10.15.x) :: BinPatch :: [OS: 10.15.4 | MatchOS: 10.15.x | MatchBuild: All] ==> allowed
38:438  0:000   - [01]: AppleIntelKBLGraph﻿icsFramebuffer﻿﻿﻿ (DVMT for AppleIntelKBLGraphicsFramebuffer﻿ (Credits DalianSky) for 10.15.x) :: BinPatch :: [OS: 10.15.4 | MatchOS: 10.15.x | MatchBuild: All] ==> allowed
38:438  0:000   - [02]: AppleIntelSKLGraph﻿icsFramebuffer﻿﻿﻿ (DVMT for AppleIntelSKLGraphicsFramebuffer﻿ (Credits DalianSky) for 10.15.x) :: BinPatch :: [OS: 10.15.4 | MatchOS: 10.15.x | MatchBuild: All] ==> allowed
38:438  0:000   - [03]: AppleIntelBDWGraphicsFramebuffer (DVMT for AppleIntelBDWGraphicsFramebuffer (Credits DalianSky) for 10.14.x) :: BinPatch :: [OS: 10.15.4 | MatchOS: 10.14.x | MatchBuild: All] ==> not allowed
38:438  0:000   - [04]: AppleIntelSKLGraphicsFramebuffer (DVMT for AppleIntelSKLGraphicsFramebuffer﻿ (Credits DalianSky) for 10.14.x) :: BinPatch :: [OS: 10.15.4 | MatchOS: 10.14.x | MatchBuild: All] ==> not allowed
38:438  0:000   - [05]: AppleIntelKBLGraph﻿icsFramebuffer﻿﻿﻿ (DVMT for AppleIntelKBLGraphicsFramebuffer﻿ (Credits DalianSky) for 10.14.x) :: BinPatch :: [OS: 10.15.4 | MatchOS: 10.14.x | MatchBuild: All] ==> not allowed
38:438  0:000   - [06]: AppleIntelCFLGraphicsFramebuffer (DVMT for AppleIntelCFLGraphicsFramebuffer﻿ (Credits DalianSky) for 10.14.x) :: BinPatch :: [OS: 10.15.4 | MatchOS: 10.14.x | MatchBuild: All] ==> not allowed
38:438  0:000   - [07]: AppleIntelCFLGraphicsFramebuffer (DVMT for AppleIntelCFLGraphicsFramebuffer﻿ (Credits DalianSky) for 10.14.x) :: BinPatch :: [OS: 10.15.4 | MatchOS: 10.14.x | MatchBuild: All] ==> not allowed
38:438  0:000   - [08]: AppleIntelLpssI2C (Disable AppleIntelLpssI2C (credit by Coolstar)) :: PlistPatch :: [OS: 10.15.4 | MatchOS: All | MatchBuild: All] ==> allowed
38:438  0:000   - [09]: AppleIntelLpssI2CController (Disable AppleIntelLpssI2CCOntroller (credit by Coolstar)) :: PlistPatch :: [OS: 10.15.4 | MatchOS: All | MatchBuild: All] ==> allowed
38:438  0:000   - [10]: IOBufferCopyController (disable IOBufferCopyController (Credit by DalianSky)) :: PlistPatch :: [OS: 10.15.4 | MatchOS: All | MatchBuild: All] ==> allowed
38:438  0:000   - [11]: com.apple.driver.usb.AppleUSBXHCI (10.13.x USB Port Limit Patch) :: BinPatch :: [OS: 10.15.4 | MatchOS: 10.13.4,10.13.5 | MatchBuild: All] ==> not allowed
38:438  0:000   - [12]: com.apple.driver.usb.AppleUSBXHCI (USB 10.13.6 by PMHeart) :: BinPatch :: [OS: 10.15.4 | MatchOS: 10.13.6 | MatchBuild: All] ==> not allowed
38:438  0:000   - [13]: com.apple.iokit.IOUSBHostFamily (USB Port limit patch 10.14.x 10.15.x #1 modify by DalianSky(credits PMheart)) :: BinPatch :: [OS: 10.15.4 | MatchOS: All | MatchBuild: All] ==> allowed
38:438  0:000   - [14]: com.apple.iokit.IOUSBHostFamily (USB port limit patch 10.14.x modify by DalianSky(credit PMHeart)) :: BinPatch :: [OS: 10.15.4 | MatchOS: All | MatchBuild: All] ==> allowed
38:438  0:000   - [15]: com.apple.driver.usb.AppleUSBXHCI (USB Port limit patch 10.15.x #1 modify by DalianSky) :: BinPatch :: [OS: 10.15.4 | MatchOS: All | MatchBuild: All] ==> allowed
38:438  0:000   - [16]: com.apple.driver.usb.AppleUSBXHCI (USB Port limit patch 10.14.x modify by DalianSky(credits PMheart)) :: BinPatch :: [OS: 10.15.4 | MatchOS: All | MatchBuild: All] ==> allowed
38:438  0:000   - [17]: com.apple.driver.usb.AppleUSBXHCI (USB Port limit patch 10.14.x modify by DalianSky(credits PMheart)) :: BinPatch :: [OS: 10.15.4 | MatchOS: All | MatchBuild: All] ==> allowed
38:438  0:000  Filtering KernelPatches:
38:438  0:000   - [00]: MSR 0xE2 _xcpm_idle instant reboot(c) Pike R. Alpha :: [OS: 10.15.4 | MatchOS: All | MatchBuild: no] ==> allowed by OS
38:438  0:000  Will not patch boot.efi
38:438  0:000  === [ PatchSmbios ] =============================
38:438  0:000  insert table 9 for dev 0:0
38:438  0:000  insert table 9 for dev 0:1
38:438  0:000  insert table 9 for dev 0:0
38:438  0:000  Table 11 present, but rewritten for us
38:439  0:000  Channels: 1
38:439  0:000  Interleave: 0 1 2 3 4 5 6 7 8 9 10 11 12 13 14 15 16 17 18 19 20 21 22 23
38:439  0:000  SMBIOS Type 17 Index = 0 => 0 0:
38:439  0:000  BANK 0 DIMM0 EMPTY
38:439  0:000  SMBIOS Type 17 Index = 1 => 1 1:
38:439  0:000  BANK 0 DIMM1 2133MHz 8192MB(Ext:0MB)
38:439  0:000  mTotalSystemMemory = 8192
38:439  0:000  NumberOfMemoryDevices = 2
38:439  0:000  Type20[0]->End = 0x7FFFFF, Type17[1] = 2000
38:439  0:000  Table 131 is present, CPUType=31
38:439  0:000  Change to: 705
38:439  0:000  === [ PatchACPI ] ===============================
38:439  0:000  Xsdt reallocation done
38:439  0:000  old FADT length=10C
38:439  0:000   SignatureFixup: 0x5100B7F8 -> 0x0
38:439  0:000  Found OperationRegion(GNVS, SystemMemory, 5FBAA000, ...)
38:439  0:000  Found OperationRegion(CPSB, SystemMemory, 5F122F18, ...)
38:439  0:000  Found OperationRegion(PNVA, SystemMemory, 5FBABC98, ...)
38:439  0:000  Found OperationRegion(THBA, SystemMemory, FE200000, ...)
38:440  0:000  Found OperationRegion(ITSS, SystemMemory, FDC43100, ...)
38:440  0:000  Found OperationRegion(TMMB, SystemMemory, FED40000, ...)
38:440  0:000  Found OperationRegion(CRBD, SystemMemory, FED40000, ...)
38:440  0:000  Found OperationRegion(TPMR, SystemMemory, FED40040, ...)
38:440  0:000  Found OperationRegion(RAM_, SystemMemory, FF700100, ...)
38:440  0:000  Apply DsdtFixMask=0x11060054
38:440  0:000     drop _DSM mask=0xFFFF
38:440  0:000  === [ FixBiosDsdt ] =============================
38:440  0:000  Patching DSDT:
38:440  0:000   - [change EC0 to EC]: disabled
38:440  0:000   - [change H_EC to EC]: disabled
38:440  0:000   - [change ECDV to EC]: disabled
38:440  0:000   - [Fix AsRock Z390 BIOS DSDT Device(RTC) bug]: disabled
38:440  0:000   - [change HDAS to HDEF]: pattern 48444153, patched at: [ (834D) ]
38:440  0:000   - [change HECI to IMEI]: pattern 48454349, patched at: [ (D883) ]
38:440  0:000   - [change MEI to IMEI]: pattern 4D45495F, bin not found / already patched!
38:441  0:000   - [change GFX0 to IGPU]: pattern 47465830, patched at: [ (2BA1) ]
38:441  0:000   - [change PCI0.VID to IGPU #1 (Thinkpad)]: pattern 50434930, bin not found / already patched!
38:441  0:000   - [change PCI0.VID to IGPU #2 (Thinkpad)]: pattern 5649445F, bin not found / already patched!
38:441  0:000    0 replacements
38:442  0:000  found RTC Length not match, Maybe will cause CMOS reset, will patch it.
38:442  0:000  found RTC had IRQNoFlag will move -3 bytes
38:443  0:001  found PIC had IRQNoFlag will move -3 bytes
38:444  0:000  Start HPET Fix
38:446  0:002    indirect name=PNVB
38:446  0:000  OperationRegion (THBA...) corrected from 0x0 to addr=0xFE200000
38:446  0:000    indirect name=TPMM
38:446  0:000    indirect name=FTPM
38:446  0:000  PreCleanup XSDT: count=22, length=212
38:446  0:000  PreCleanup XSDT, corrected XSDT: count=22, length=212
38:446  0:000  === [ ACPIPatchedAML ] ==========================
38:446  0:000  AutoMerge pass 1
38:446  0:000  Unsorted
38:446  0:000  Inserting SSDT-Disable-DGPU.aml from EFI\CLOVER\ACPI\patched: ignore on pass 1
38:446  0:000  === [ ACPIDropTables ] ==========================
38:446  0:000  Drop tables from XSDT, SIGN=DMAR TableID=A M I Length=168
38:446  0:000   Table[17]: DMAR  A M I  168 dropped
38:446  0:000  Patching SSDT A M I Length=789
38:446  0:000  0. [change EC0 to EC]: disabled
38:446  0:000  1. [change H_EC to EC]: disabled
38:446  0:000  2. [change ECDV to EC]: disabled
38:446  0:000  3. [Fix AsRock Z390 BIOS DSDT Device(RTC) bug]: disabled
38:446  0:000  4. [change HDAS to HDEF]: pattern 48444153, bin not found / already patched!
38:446  0:000  5. [change HECI to IMEI]: pattern 48454349, bin not found / already patched!
38:446  0:000  6. [change MEI to IMEI]: pattern 4D45495F, bin not found / already patched!
38:446  0:000  7. [change GFX0 to IGPU]: pattern 47465830, bin not found / already patched!
38:446  0:000  8. [change PCI0.VID to IGPU #1 (Thinkpad)]: pattern 50434930, bin not found / already patched!
38:446  0:000  9. [change PCI0.VID to IGPU #2 (Thinkpad)]: pattern 5649445F, bin not found / already patched!
38:446  0:000    0 replacements
38:446  0:000  Patching SSDT A M I Length=4352
38:446  0:000  0. [change EC0 to EC]: disabled
38:446  0:000  1. [change H_EC to EC]: disabled
38:446  0:000  2. [change ECDV to EC]: disabled
38:446  0:000  3. [Fix AsRock Z390 BIOS DSDT Device(RTC) bug]: disabled
38:446  0:000  4. [change HDAS to HDEF]: pattern 48444153, bin not found / already patched!
38:446  0:000  5. [change HECI to IMEI]: pattern 48454349, bin not found / already patched!
38:446  0:000  6. [change MEI to IMEI]: pattern 4D45495F, bin not found / already patched!
38:446  0:000  7. [change GFX0 to IGPU]: pattern 47465830, bin not found / already patched!
38:446  0:000  8. [change PCI0.VID to IGPU #1 (Thinkpad)]: pattern 50434930, bin not found / already patched!
38:446  0:000  9. [change PCI0.VID to IGPU #2 (Thinkpad)]: pattern 5649445F, bin not found / already patched!
38:446  0:000    0 replacements
38:446  0:000  Patching SSDT A M I Length=22101
38:446  0:000  0. [change EC0 to EC]: disabled
38:446  0:000  1. [change H_EC to EC]: disabled
38:446  0:000  2. [change ECDV to EC]: disabled
38:446  0:000  3. [Fix AsRock Z390 BIOS DSDT Device(RTC) bug]: disabled
38:446  0:000  4. [change HDAS to HDEF]: pattern 48444153, bin not found / already patched!
38:446  0:000  5. [change HECI to IMEI]: pattern 48454349, bin not found / already patched!
38:446  0:000  6. [change MEI to IMEI]: pattern 4D45495F, bin not found / already patched!
38:446  0:000  7. [change GFX0 to IGPU]: pattern 47465830, patched at: [ (ED8) ]
38:446  0:000  8. [change PCI0.VID to IGPU #1 (Thinkpad)]: pattern 50434930, bin not found / already patched!
38:446  0:000  9. [change PCI0.VID to IGPU #2 (Thinkpad)]: pattern 5649445F, bin not found / already patched!
38:446  0:000    0 replacements
38:446  0:000  Found OperationRegion(SANV, SystemMemory, 5FB99D98, ...)
38:446  0:000  Patching SSDT A M I Length=3672
38:446  0:000  0. [change EC0 to EC]: disabled
38:446  0:000  1. [change H_EC to EC]: disabled
38:446  0:000  2. [change ECDV to EC]: disabled
38:446  0:000  3. [Fix AsRock Z390 BIOS DSDT Device(RTC) bug]: disabled
38:446  0:000  4. [change HDAS to HDEF]: pattern 48444153, bin not found / already patched!
38:446  0:000  5. [change HECI to IMEI]: pattern 48454349, bin not found / already patched!
38:446  0:000  6. [change MEI to IMEI]: pattern 4D45495F, bin not found / already patched!
38:446  0:000  7. [change GFX0 to IGPU]: pattern 47465830, bin not found / already patched!
38:446  0:000  8. [change PCI0.VID to IGPU #1 (Thinkpad)]: pattern 50434930, bin not found / already patched!
38:446  0:000  9. [change PCI0.VID to IGPU #2 (Thinkpad)]: pattern 5649445F, bin not found / already patched!
38:446  0:000    0 replacements
38:446  0:000  Found OperationRegion(PNVS, SystemMemory, 5C977000, ...)
38:446  0:000  Patching SSDT A M I Length=1912
38:446  0:000  0. [change EC0 to EC]: disabled
38:446  0:000  1. [change H_EC to EC]: disabled
38:446  0:000  2. [change ECDV to EC]: disabled
38:446  0:000  3. [Fix AsRock Z390 BIOS DSDT Device(RTC) bug]: disabled
38:446  0:000  4. [change HDAS to HDEF]: pattern 48444153, bin not found / already patched!
38:446  0:000  5. [change HECI to IMEI]: pattern 48454349, bin not found / already patched!
38:446  0:000  6. [change MEI to IMEI]: pattern 4D45495F, bin not found / already patched!
38:446  0:000  7. [change GFX0 to IGPU]: pattern 47465830, bin not found / already patched!
38:446  0:000  8. [change PCI0.VID to IGPU #1 (Thinkpad)]: pattern 50434930, bin not found / already patched!
38:446  0:000  9. [change PCI0.VID to IGPU #2 (Thinkpad)]: pattern 5649445F, bin not found / already patched!
38:446  0:000    0 replacements
38:446  0:000  Patching SSDT A M I Length=159
38:446  0:000  0. [change EC0 to EC]: disabled
38:446  0:000  1. [change H_EC to EC]: disabled
38:446  0:000  2. [change ECDV to EC]: disabled
38:446  0:000  3. [Fix AsRock Z390 BIOS DSDT Device(RTC) bug]: disabled
38:446  0:000  4. [change HDAS to HDEF]: pattern 48444153, bin not found / already patched!
38:446  0:000  5. [change HECI to IMEI]: pattern 48454349, bin not found / already patched!
38:446  0:000  6. [change MEI to IMEI]: pattern 4D45495F, bin not found / already patched!
38:446  0:000  7. [change GFX0 to IGPU]: pattern 47465830, bin not found / already patched!
38:446  0:000  8. [change PCI0.VID to IGPU #1 (Thinkpad)]: pattern 50434930, bin not found / already patched!
38:446  0:000  9. [change PCI0.VID to IGPU #2 (Thinkpad)]: pattern 5649445F, bin not found / already patched!
38:446  0:000    0 replacements
38:446  0:000  Patching SSDT A M I Length=5454
38:446  0:000  0. [change EC0 to EC]: disabled
38:446  0:000  1. [change H_EC to EC]: disabled
38:446  0:000  2. [change ECDV to EC]: disabled
38:446  0:000  3. [Fix AsRock Z390 BIOS DSDT Device(RTC) bug]: disabled
38:446  0:000  4. [change HDAS to HDEF]: pattern 48444153, bin not found / already patched!
38:446  0:000  5. [change HECI to IMEI]: pattern 48454349, bin not found / already patched!
38:446  0:000  6. [change MEI to IMEI]: pattern 4D45495F, bin not found / already patched!
38:446  0:000  7. [change GFX0 to IGPU]: pattern 47465830, patched at: [ (24E) ]
38:446  0:000  8. [change PCI0.VID to IGPU #1 (Thinkpad)]: pattern 50434930, bin not found / already patched!
38:446  0:000  9. [change PCI0.VID to IGPU #2 (Thinkpad)]: pattern 5649445F, bin not found / already patched!
38:446  0:000    0 replacements
38:446  0:000  === [ ACPIPatchedAML ] ==========================
38:446  0:000  AutoMerge pass 2
38:446  0:000  Unsorted
38:446  0:000  Inserting SSDT-Disable-DGPU.aml from EFI\CLOVER\ACPI\patched: size=1411 ... Success
38:446  0:000  ApicCPUNum=1
38:446  0:000  Maximum control=0x1A
38:446  0:000  Turbo control=0x23
38:446  0:000  P-States: min 0x8, max 0x23
38:446  0:000  SSDT with plugin-type without P-States is generated
38:446  0:000  Cleanup XSDT: count=24, length=228
38:446  0:000  corrected XSDT count=23, length=220
38:446  0:000  === [ RestSetup macOS ] =========================
38:446  0:000  EdidDiscovered size=128
38:446  0:000  --- Discovered EDID Table size:128
38:446  0:000  000  |  00  FF  FF  FF  FF  FF  FF  00  0D  AE
38:446  0:000  010  |  35  17  00  00  00  00  27  18  01  04
38:446  0:000  020  |  95  26  16  78  02  D4  95  A3  55  50
38:446  0:000  030  |  9D  27  0F  50  54  00  00  00  01  01
38:446  0:000  040  |  01  01  01  01  01  01  01  01  01  01
38:446  0:000  050  |  01  01  01  01  B0  36  80  B6  70  38
38:446  0:000  060  |  1E  40  30  20  35  00  7E  D7  10  00
38:446  0:000  070  |  00  18  00  00  00  FE  00  4E  31  37
38:446  0:000  080  |  33  48  47  45  2D  45  31  31  0A  20
38:446  0:000  090  |  00  00  00  FE  00  43  4D  4E  0A  20
38:446  0:000  100  |  20  20  20  20  20  20  20  20  00  00
38:446  0:000  110  |  00  FE  00  4E  31  37  33  48  47  45
38:446  0:000  120  |  2D  45  31  31  0A  20  00  9C
38:446  0:000  add device: PciRoot(0x0)/Pci(0x2,0x0)
38:446  0:000     Add key=framebuffer-stolenmem valuelen=4
38:446  0:000     Add key=framebuffer-patch-enable valuelen=4
38:446  0:000     Add key=framebuffer-fbmem valuelen=4
38:446  0:000     Add key=disable-external-gpu valuelen=4
38:446  0:000  add device: #PciRoot(0x0)/Pci(0x1C,0x0)/Pci(0x0,0x0)
38:446  0:000     Add key=pci-aspm-default valuelen=4
38:446  0:000     Add key=name valuelen=8
38:446  0:000     Add key=model valuelen=36
38:446  0:000     Add key=device_type valuelen=16
38:446  0:000     Add key=compatible valuelen=13
38:446  0:000     Add key=AAPL,slot-name valuelen=5
38:446  0:000  add device: PciRoot(0x0)/Pci(0x2,0x0)
38:446  0:000     Add key=framebuffer-stolenmem valuelen=4
38:446  0:000     Add key=framebuffer-patch-enable valuelen=4
38:446  0:000     Add key=framebuffer-fbmem valuelen=4
38:446  0:000     Add key=disable-external-gpu valuelen=4
38:446  0:000  add device: #PciRoot(0x0)/Pci(0x1C,0x0)/Pci(0x0,0x0)
38:446  0:000     Add key=pci-aspm-default valuelen=4
38:446  0:000     Add key=name valuelen=8
38:446  0:000     Add key=model valuelen=36
38:446  0:000     Add key=device_type valuelen=16
38:446  0:000     Add key=compatible valuelen=13
38:446  0:000     Add key=AAPL,slot-name valuelen=5
38:446  0:000  mem_detected 1975410688Mb
38:446  0:000  read_nVidia_ROM
38:447  0:000  Using PRAMIN fixups
39:177  0:730  PROM
39:876  0:699  version 84.04.85.00.34
39:876  0:000  nVidia Clevo GeForce GTX 970M  1975410688MB NV124 [10DE:13D8] :: PciRoot(0x0)\Pci(0x1,0x0)\Pci(0x0,0x0) => device #1
39:876  0:000  Nvidia: VideoPorts: undefined, default to: 2
39:876  0:000  set NVCAP: 04000000-00000300-0C000000-00000007-00000000
39:876  0:000  Nvidia Mobile backlight
39:876  0:000  Intel HD Graphics 530 [8086:191B] :: PciRoot(0x0)\Pci(0x2,0x0)
39:876  0:000    ig-platform-id = 0x19160000
39:876  0:000  Intel GFX revision  = 0x6
39:876  0:000   RCBA disabled; cannot use it
39:876  0:000   setting specified layout-id=1 (0x1)
39:876  0:000  stringlength = 4712
39:877  0:000  CurrentMode: Width=1920 Height=1080
39:877  0:000  Beginning FSInjection
FSInjectionInstall ...
- Our FSI_SIMPLE_FILE_SYSTEM_PROTOCOL installed on handle: 5B27A798
FSInjectionInstall ...
- Our FSI_SIMPLE_FILE_SYSTEM_PROTOCOL installed on handle: 5B27A798
39:885  0:008  Use origin smbios table type 1 guid.
39:889  0:004    Force kext: System\Library\Extensions\IONetworkingFamily.kext
39:915  0:025      Force PlugIn kext: System\Library\Extensions\IONetworkingFamily.kext\Contents\PlugIns\AppleEthernetAquantiaAqtion.kext
39:929  0:014      Force PlugIn kext: System\Library\Extensions\IONetworkingFamily.kext\Contents\PlugIns\AppleBCM5701Ethernet.kext
39:946  0:017      Force PlugIn kext: System\Library\Extensions\IONetworkingFamily.kext\Contents\PlugIns\AppleIntelI210Ethernet.kext
39:960  0:013      Force PlugIn kext: System\Library\Extensions\IONetworkingFamily.kext\Contents\PlugIns\Intel82574L.kext
39:974  0:014      Force PlugIn kext: System\Library\Extensions\IONetworkingFamily.kext\Contents\PlugIns\IOEthernetAVBController.kext
39:983  0:008      Force PlugIn kext: System\Library\Extensions\IONetworkingFamily.kext\Contents\PlugIns\AppleEthernetAquantiaAqtionFirmware.kext
39:995  0:011      Force PlugIn kext: System\Library\Extensions\IONetworkingFamily.kext\Contents\PlugIns\AppleIntel8254XEthernet.kext
40:005  0:010      Force PlugIn kext: System\Library\Extensions\IONetworkingFamily.kext\Contents\PlugIns\AppleVmxnet3Ethernet.kext
40:015  0:010      Force PlugIn kext: System\Library\Extensions\IONetworkingFamily.kext\Contents\PlugIns\mDNSOffloadUserClient.kext
40:023  0:008  Preparing kexts injection for arch=x86_64 from EFI\CLOVER\kexts\Other
40:023  0:000  ->Extra kext: EFI\CLOVER\kexts\Other\WhateverGreen.kext (v.1.3.9)
40:038  0:015  ->Extra kext: EFI\CLOVER\kexts\Other\ACPIBatteryManager.kext (v.1.81.4)
40:048  0:009  ->Extra kext: EFI\CLOVER\kexts\Other\XHCI-unsupported.kext (v.0.9.2)
40:056  0:008  ->Extra kext: EFI\CLOVER\kexts\Other\AHCI_Intel_Generic_SATA.kext (v.0.5)
40:068  0:011  ->Extra kext: EFI\CLOVER\kexts\Other\Lilu.kext (v.1.4.4)
40:078  0:010  ->Extra kext: EFI\CLOVER\kexts\Other\SATA-200-series-unsupported.kext (v.0.5.1)
40:082  0:004  ->Extra kext: EFI\CLOVER\kexts\Other\HoRNDIS.kext (v.6)
40:090  0:007  ->Extra kext: EFI\CLOVER\kexts\Other\VoodooPS2Controller_v1.9.2.kext (v.1.9.2)
40:100  0:009      |-- PlugIn kext: EFI\CLOVER\kexts\Other\VoodooPS2Controller_v1.9.2.kext\Contents\PlugIns\VoodooPS2Mouse.kext (v.1.9.2)
40:109  0:009      |-- PlugIn kext: EFI\CLOVER\kexts\Other\VoodooPS2Controller_v1.9.2.kext\Contents\PlugIns\VoodooPS2Keyboard.kext (v.1.9.2)
40:125  0:015      |-- PlugIn kext: EFI\CLOVER\kexts\Other\VoodooPS2Controller_v1.9.2.kext\Contents\PlugIns\VoodooPS2Trackpad.kext (v.1.9.2)
40:142  0:017  ->Extra kext: EFI\CLOVER\kexts\Other\VegaGraphicsFixup.kext (v.1.2.4)
40:152  0:010  ->Extra kext: EFI\CLOVER\kexts\Other\AppleALC_v1.4.8.kext (v.1.4.8)
40:732  0:579  ->Extra kext: EFI\CLOVER\kexts\Other\AHCI_3rdParty_eSATA.kext (v.0.5)
40:779  0:047  ->Extra kext: EFI\CLOVER\kexts\Other\AppleIGB.kext (v.5.3.5)
40:796  0:017  ->Extra kext: EFI\CLOVER\kexts\Other\AppleIntelE1000e.kext (v.3.3.6)
40:807  0:010  ->Extra kext: EFI\CLOVER\kexts\Other\GenericUSBXHCI.kext (v.1.2.11)
40:819  0:012  ->Extra kext: EFI\CLOVER\kexts\Other\SATA-RAID-unsupported.kext (v.0.9.2)
40:824  0:004  ->Extra kext: EFI\CLOVER\kexts\Other\RealtekRTL8111.kext (v.2.3.0d7)
40:837  0:012  ->Extra kext: EFI\CLOVER\kexts\Other\VirtualSMC_v1.0.7.kext (v.1.0.7)
40:865  0:027  ->Extra kext: EFI\CLOVER\kexts\Other\XHCI-200-series-injector.kext (v.0.5.0)
40:870  0:004  ->Extra kext: EFI\CLOVER\kexts\Other\IntelMausiEthernet.kext (v.2.5.0d14)
40:882  0:012  ->Extra kext: EFI\CLOVER\kexts\Other\SATA-100-series-unsupported.kext (v.0.5.1)
40:887  0:004  ->Extra kext: EFI\CLOVER\kexts\Other\AtherosE2200Ethernet.kext (v.2.2.2)
40:897  0:010  ->Extra kext: EFI\CLOVER\kexts\Other\USBInjectAll_v0.7.4.kext (v.0.7.4)
41:557  0:659  ->Extra kext: EFI\CLOVER\kexts\Other\XHCI-300-series-injector.kext (v.0.5.0)
41:562  0:005  ->Extra kext: EFI\CLOVER\kexts\Other\NoTouchID.kext (v.1.0.2)
41:572  0:009  ->Extra kext: EFI\CLOVER\kexts\Other\AirportBrcmFixup_v2.0.6.kext (v.2.0.6)
41:594  0:022  ->Extra kext: EFI\CLOVER\kexts\Other\AHCI_3rdParty_SATA.kext (v.0.5)
41:641  0:046  ->Extra kext: EFI\CLOVER\kexts\Other\RealtekRTL8100.kext (v.2.0.1)
41:653  0:012  Preparing kexts injection for arch=x86_64 from EFI\CLOVER\kexts\10
41:653  0:000  Preparing kexts injection for arch=x86_64 from EFI\CLOVER\kexts\10_normal
41:653  0:000  Preparing kexts injection for arch=x86_64 from EFI\CLOVER\kexts\10.15
41:653  0:000  Preparing kexts injection for arch=x86_64 from EFI\CLOVER\kexts\10.15_normal
41:653  0:000  Preparing kexts injection for arch=x86_64 from EFI\CLOVER\kexts\10.15.4
41:653  0:000  Preparing kexts injection for arch=x86_64 from EFI\CLOVER\kexts\10.15.4_normal
41:658  0:004  SetStartupDiskVolume:
41:658  0:000    * Volume: 'Mac OS'
41:658  0:000    * LoaderPath: ''
41:658  0:000    * DevPath: Mac OS
41:658  0:000    * GUID = D8814873-7F60-4F87-AC80-7998ADD30715
41:658  0:000    * efi-boot-device: <array><dict><key>IOMatch</key><dict><key>IOProviderClass</key><string>IOMedia</string><key>IOPropertyMatch</key><dict><key>UUID</key><string>D8814873-7F60-4F87-AC80-7998ADD30715</string></dict></dict></dict></array>
41:658  0:000  Custom boot screen not used because entry has unset use graphics
41:660  0:002  Closing log
